# JRE version: OpenJDK Runtime Environment 18.9 (11.0.14+9) (build 11.0.14+9)
# Java VM: OpenJDK 64-Bit Server VM 18.9 (11.0.14+9, mixed mode, sharing, tiered, compressed oops, g1 gc, linux-amd64)
Heap:
 garbage-first heap   total 526336K, used 286023K [0x0000000085600000, 0x0000000100000000)
  region size 1024K, 246 young (251904K), 35 survivors (35840K)
 Metaspace       used 153202K, capacity 166330K, committed 166536K, reserved 1185792K
  class space    used 23989K, capacity 30748K, committed 30828K, reserved 1048576K
GC Heap History (20 events):
Event: 1.008 GC heap after
{Heap after GC invocations=2 (full 0):
 garbage-first heap   total 526336K, used 9613K [0x0000000085600000, 0x0000000100000000)
  region size 1024K, 8 young (8192K), 8 survivors (8192K)
 Metaspace       used 18179K, capacity 21071K, committed 21296K, reserved 1069056K
  class space    used 2156K, capacity 2611K, committed 2688K, reserved 1048576K
}
Event: 1.430 GC heap before
{Heap before GC invocations=3 (full 0):
 garbage-first heap   total 526336K, used 63885K [0x0000000085600000, 0x0000000100000000)
  region size 1024K, 62 young (63488K), 8 survivors (8192K)
 Metaspace       used 31856K, capacity 34070K, committed 34224K, reserved 1079296K
  class space    used 4240K, capacity 4994K, committed 5120K, reserved 1048576K
}
Event: 1.442 GC heap after
{Heap after GC invocations=4 (full 0):
 garbage-first heap   total 526336K, used 10791K [0x0000000085600000, 0x0000000100000000)
  region size 1024K, 5 young (5120K), 5 survivors (5120K)
 Metaspace       used 31856K, capacity 34070K, committed 34224K, reserved 1079296K
  class space    used 4240K, capacity 4994K, committed 5120K, reserved 1048576K
}
Event: 1.492 GC heap before
{Heap before GC invocations=4 (full 0):
 garbage-first heap   total 526336K, used 15911K [0x0000000085600000, 0x0000000100000000)
  region size 1024K, 12 young (12288K), 5 survivors (5120K)
 Metaspace       used 33802K, capacity 35795K, committed 35888K, reserved 1079296K
  class space    used 4612K, capacity 5463K, committed 5504K, reserved 1048576K
}
Event: 1.499 GC heap after
{Heap after GC invocations=5 (full 0):
 garbage-first heap   total 526336K, used 11815K [0x0000000085600000, 0x0000000100000000)
  region size 1024K, 6 young (6144K), 6 survivors (6144K)
 Metaspace       used 33802K, capacity 35795K, committed 35888K, reserved 1079296K
  class space    used 4612K, capacity 5463K, committed 5504K, reserved 1048576K
}
Event: 2.422 GC heap before
{Heap before GC invocations=6 (full 0):
 garbage-first heap   total 526336K, used 83495K [0x0000000085600000, 0x0000000100000000)
  region size 1024K, 76 young (77824K), 6 survivors (6144K)
 Metaspace       used 49725K, capacity 52697K, committed 52764K, reserved 1093632K
  class space    used 7350K, capacity 9016K, committed 9068K, reserved 1048576K
}
Event: 2.434 GC heap after
{Heap after GC invocations=7 (full 0):
 garbage-first heap   total 526336K, used 18184K [0x0000000085600000, 0x0000000100000000)
  region size 1024K, 10 young (10240K), 10 survivors (10240K)
 Metaspace       used 49725K, capacity 52697K, committed 52764K, reserved 1093632K
  class space    used 7350K, capacity 9016K, committed 9068K, reserved 1048576K
}
Event: 2.873 GC heap before
{Heap before GC invocations=7 (full 0):
 garbage-first heap   total 526336K, used 47880K [0x0000000085600000, 0x0000000100000000)
  region size 1024K, 40 young (40960K), 10 survivors (10240K)
 Metaspace       used 57050K, capacity 60288K, committed 60420K, reserved 1099776K
  class space    used 8257K, capacity 10037K, committed 10092K, reserved 1048576K
}
Event: 2.883 GC heap after
{Heap after GC invocations=8 (full 0):
 garbage-first heap   total 526336K, used 20455K [0x0000000085600000, 0x0000000100000000)
  region size 1024K, 9 young (9216K), 9 survivors (9216K)
 Metaspace       used 57050K, capacity 60288K, committed 60420K, reserved 1099776K
  class space    used 8257K, capacity 10037K, committed 10092K, reserved 1048576K
}
Event: 4.212 GC heap before
{Heap before GC invocations=9 (full 0):
 garbage-first heap   total 526336K, used 115687K [0x0000000085600000, 0x0000000100000000)
  region size 1024K, 103 young (105472K), 9 survivors (9216K)
 Metaspace       used 68636K, capacity 73552K, committed 73860K, reserved 1110016K
  class space    used 10701K, capacity 13443K, committed 13548K, reserved 1048576K
}
Event: 4.229 GC heap after
{Heap after GC invocations=10 (full 0):
 garbage-first heap   total 526336K, used 26063K [0x0000000085600000, 0x0000000100000000)
  region size 1024K, 8 young (8192K), 8 survivors (8192K)
 Metaspace       used 68636K, capacity 73552K, committed 73860K, reserved 1110016K
  class space    used 10701K, capacity 13443K, committed 13548K, reserved 1048576K
}
Event: 6.393 GC heap before
{Heap before GC invocations=10 (full 0):
 garbage-first heap   total 526336K, used 263631K [0x0000000085600000, 0x0000000100000000)
  region size 1024K, 166 young (169984K), 8 survivors (8192K)
 Metaspace       used 80956K, capacity 87760K, committed 88068K, reserved 1120256K
  class space    used 12996K, capacity 16649K, committed 16748K, reserved 1048576K
}
Event: 6.408 GC heap after
{Heap after GC invocations=11 (full 0):
 garbage-first heap   total 526336K, used 32326K [0x0000000085600000, 0x0000000100000000)
  region size 1024K, 13 young (13312K), 13 survivors (13312K)
 Metaspace       used 80956K, capacity 87760K, committed 88068K, reserved 1120256K
  class space    used 12996K, capacity 16649K, committed 16748K, reserved 1048576K
}
Event: 8.563 GC heap before
{Heap before GC invocations=11 (full 0):
 garbage-first heap   total 526336K, used 326214K [0x0000000085600000, 0x0000000100000000)
  region size 1024K, 224 young (229376K), 13 survivors (13312K)
 Metaspace       used 87814K, capacity 95354K, committed 95492K, reserved 1126400K
  class space    used 13968K, capacity 18004K, committed 18028K, reserved 1048576K
}
Event: 8.578 GC heap after
{Heap after GC invocations=12 (full 0):
 garbage-first heap   total 526336K, used 42645K [0x0000000085600000, 0x0000000100000000)
  region size 1024K, 23 young (23552K), 23 survivors (23552K)
 Metaspace       used 87814K, capacity 95354K, committed 95492K, reserved 1126400K
  class space    used 13968K, capacity 18004K, committed 18028K, reserved 1048576K
}
Event: 9.082 GC heap before
{Heap before GC invocations=12 (full 0):
 garbage-first heap   total 526336K, used 112277K [0x0000000085600000, 0x0000000100000000)
  region size 1024K, 93 young (95232K), 23 survivors (23552K)
 Metaspace       used 93409K, capacity 101014K, committed 101128K, reserved 1132544K
  class space    used 14755K, capacity 18848K, committed 18924K, reserved 1048576K
}
Event: 9.102 GC heap after
{Heap after GC invocations=13 (full 0):
 garbage-first heap   total 526336K, used 49341K [0x0000000085600000, 0x0000000100000000)
  region size 1024K, 24 young (24576K), 24 survivors (24576K)
 Metaspace       used 93409K, capacity 101014K, committed 101128K, reserved 1132544K
  class space    used 14755K, capacity 18848K, committed 18924K, reserved 1048576K
}
Event: 143.335 GC heap before
{Heap before GC invocations=14 (full 0):
 garbage-first heap   total 526336K, used 381117K [0x0000000085600000, 0x0000000100000000)
  region size 1024K, 307 young (314368K), 24 survivors (24576K)
 Metaspace       used 133377K, capacity 144190K, committed 144520K, reserved 1167360K
  class space    used 20984K, capacity 26636K, committed 26732K, reserved 1048576K
}
Event: 143.373 GC heap after
{Heap after GC invocations=15 (full 0):
 garbage-first heap   total 526336K, used 67272K [0x0000000085600000, 0x0000000100000000)
  region size 1024K, 35 young (35840K), 35 survivors (35840K)
 Metaspace       used 133377K, capacity 144190K, committed 144520K, reserved 1167360K
  class space    used 20984K, capacity 26636K, committed 26732K, reserved 1048576K
}
Event: 989.619 GC heap before
{Heap before GC invocations=16 (full 0):
 garbage-first heap   total 526336K, used 284360K [0x0000000085600000, 0x0000000100000000)
  region size 1024K, 246 young (251904K), 35 survivors (35840K)
 Metaspace       used 153202K, capacity 166330K, committed 166536K, reserved 1185792K
  class space    used 23989K, capacity 30748K, committed 30828K, reserved 1048576K
}

