# JRE version: OpenJDK Runtime Environment 18.9 (11.0.14+9) (build 11.0.14+9)
# Java VM: OpenJDK 64-Bit Server VM 18.9 (11.0.14+9, mixed mode, sharing, tiered, compressed oops, parallel gc, linux-amd64)
Heap:
 PSYoungGen      total 152576K, used 103911K [0x00000000d7200000, 0x00000000e4d80000, 0x0000000100000000)
  eden space 90112K, 100% used [0x00000000d7200000,0x00000000dca00000,0x00000000dca00000)
  from space 62464K, 22% used [0x00000000dca00000,0x00000000dd779f38,0x00000000e0700000)
  to   space 58368K, 12% used [0x00000000e1480000,0x00000000e1ba02f0,0x00000000e4d80000)
 ParOldGen       total 111616K, used 69749K [0x0000000085600000, 0x000000008c300000, 0x00000000d7200000)
  object space 111616K, 62% used [0x0000000085600000,0x0000000089a1d7f0,0x000000008c300000)
 Metaspace       used 117729K, capacity 126580K, committed 126680K, reserved 1155072K
  class space    used 16237K, capacity 20167K, committed 20184K, reserved 1048576K
GC Heap History (20 events):
Event: 46641.677 GC heap after
{Heap after GC invocations=62 (full 7):
 PSYoungGen      total 141312K, used 19226K [0x00000000d7200000, 0x00000000e4d00000, 0x0000000100000000)
  eden space 68608K, 0% used [0x00000000d7200000,0x00000000d7200000,0x00000000db500000)
  from space 72704K, 26% used [0x00000000e0600000,0x00000000e18c6930,0x00000000e4d00000)
  to   space 77824K, 0% used [0x00000000db500000,0x00000000db500000,0x00000000e0100000)
 ParOldGen       total 111616K, used 47357K [0x0000000085600000, 0x000000008c300000, 0x00000000d7200000)
  object space 111616K, 42% used [0x0000000085600000,0x000000008843f470,0x000000008c300000)
 Metaspace       used 110373K, capacity 118642K, committed 119384K, reserved 1148928K
  class space    used 15119K, capacity 18790K, committed 19032K, reserved 1048576K
}
Event: 46791.274 GC heap before
{Heap before GC invocations=63 (full 7):
 PSYoungGen      total 141312K, used 87834K [0x00000000d7200000, 0x00000000e4d00000, 0x0000000100000000)
  eden space 68608K, 100% used [0x00000000d7200000,0x00000000db500000,0x00000000db500000)
  from space 72704K, 26% used [0x00000000e0600000,0x00000000e18c6930,0x00000000e4d00000)
  to   space 77824K, 0% used [0x00000000db500000,0x00000000db500000,0x00000000e0100000)
 ParOldGen       total 111616K, used 47357K [0x0000000085600000, 0x000000008c300000, 0x00000000d7200000)
  object space 111616K, 42% used [0x0000000085600000,0x000000008843f470,0x000000008c300000)
 Metaspace       used 110416K, capacity 118653K, committed 119384K, reserved 1148928K
  class space    used 15119K, capacity 18790K, committed 19032K, reserved 1048576K
}
Event: 46791.933 GC heap after
{Heap after GC invocations=63 (full 7):
 PSYoungGen      total 70656K, used 4016K [0x00000000d7200000, 0x00000000e4900000, 0x0000000100000000)
  eden space 66560K, 0% used [0x00000000d7200000,0x00000000d7200000,0x00000000db300000)
  from space 4096K, 98% used [0x00000000db500000,0x00000000db8ec0c0,0x00000000db900000)
  to   space 76800K, 0% used [0x00000000dfe00000,0x00000000dfe00000,0x00000000e4900000)
 ParOldGen       total 111616K, used 59299K [0x0000000085600000, 0x000000008c300000, 0x00000000d7200000)
  object space 111616K, 53% used [0x0000000085600000,0x0000000088fe8e20,0x000000008c300000)
 Metaspace       used 110416K, capacity 118653K, committed 119384K, reserved 1148928K
  class space    used 15119K, capacity 18790K, committed 19032K, reserved 1048576K
}
Event: 46860.799 GC heap before
{Heap before GC invocations=64 (full 7):
 PSYoungGen      total 70656K, used 70576K [0x00000000d7200000, 0x00000000e4900000, 0x0000000100000000)
  eden space 66560K, 100% used [0x00000000d7200000,0x00000000db300000,0x00000000db300000)
  from space 4096K, 98% used [0x00000000db500000,0x00000000db8ec0c0,0x00000000db900000)
  to   space 76800K, 0% used [0x00000000dfe00000,0x00000000dfe00000,0x00000000e4900000)
 ParOldGen       total 111616K, used 59299K [0x0000000085600000, 0x000000008c300000, 0x00000000d7200000)
  object space 111616K, 53% used [0x0000000085600000,0x0000000088fe8e20,0x000000008c300000)
 Metaspace       used 110464K, capacity 118725K, committed 119384K, reserved 1148928K
  class space    used 15120K, capacity 18790K, committed 19032K, reserved 1048576K
}
Event: 46860.847 GC heap after
{Heap after GC invocations=64 (full 7):
 PSYoungGen      total 136192K, used 8416K [0x00000000d7200000, 0x00000000e4380000, 0x0000000100000000)
  eden space 65024K, 0% used [0x00000000d7200000,0x00000000d7200000,0x00000000db180000)
  from space 71168K, 11% used [0x00000000dfe00000,0x00000000e0638320,0x00000000e4380000)
  to   space 74752K, 0% used [0x00000000db180000,0x00000000db180000,0x00000000dfa80000)
 ParOldGen       total 111616K, used 59999K [0x0000000085600000, 0x000000008c300000, 0x00000000d7200000)
  object space 111616K, 53% used [0x0000000085600000,0x0000000089097eb8,0x000000008c300000)
 Metaspace       used 110464K, capacity 118725K, committed 119384K, reserved 1148928K
  class space    used 15120K, capacity 18790K, committed 19032K, reserved 1048576K
}
Event: 46862.815 GC heap before
{Heap before GC invocations=65 (full 7):
 PSYoungGen      total 136192K, used 73440K [0x00000000d7200000, 0x00000000e4380000, 0x0000000100000000)
  eden space 65024K, 100% used [0x00000000d7200000,0x00000000db180000,0x00000000db180000)
  from space 71168K, 11% used [0x00000000dfe00000,0x00000000e0638320,0x00000000e4380000)
  to   space 74752K, 0% used [0x00000000db180000,0x00000000db180000,0x00000000dfa80000)
 ParOldGen       total 111616K, used 59999K [0x0000000085600000, 0x000000008c300000, 0x00000000d7200000)
  object space 111616K, 53% used [0x0000000085600000,0x0000000089097eb8,0x000000008c300000)
 Metaspace       used 110506K, capacity 118817K, committed 119384K, reserved 1148928K
  class space    used 15120K, capacity 18790K, committed 19032K, reserved 1048576K
}
Event: 46862.823 GC heap after
{Heap after GC invocations=65 (full 7):
 PSYoungGen      total 68608K, used 5056K [0x00000000d7200000, 0x00000000e3f00000, 0x0000000100000000)
  eden space 63488K, 0% used [0x00000000d7200000,0x00000000d7200000,0x00000000db000000)
  from space 5120K, 98% used [0x00000000db180000,0x00000000db670080,0x00000000db680000)
  to   space 73216K, 0% used [0x00000000df780000,0x00000000df780000,0x00000000e3f00000)
 ParOldGen       total 111616K, used 60524K [0x0000000085600000, 0x000000008c300000, 0x00000000d7200000)
  object space 111616K, 54% used [0x0000000085600000,0x000000008911b270,0x000000008c300000)
 Metaspace       used 110506K, capacity 118817K, committed 119384K, reserved 1148928K
  class space    used 15120K, capacity 18790K, committed 19032K, reserved 1048576K
}
Event: 46876.250 GC heap before
{Heap before GC invocations=66 (full 7):
 PSYoungGen      total 68608K, used 68544K [0x00000000d7200000, 0x00000000e3f00000, 0x0000000100000000)
  eden space 63488K, 100% used [0x00000000d7200000,0x00000000db000000,0x00000000db000000)
  from space 5120K, 98% used [0x00000000db180000,0x00000000db670080,0x00000000db680000)
  to   space 73216K, 0% used [0x00000000df780000,0x00000000df780000,0x00000000e3f00000)
 ParOldGen       total 111616K, used 60524K [0x0000000085600000, 0x000000008c300000, 0x00000000d7200000)
  object space 111616K, 54% used [0x0000000085600000,0x000000008911b270,0x000000008c300000)
 Metaspace       used 110600K, capacity 118944K, committed 119384K, reserved 1148928K
  class space    used 15133K, capacity 18808K, committed 19032K, reserved 1048576K
}
Event: 46876.264 GC heap after
{Heap after GC invocations=66 (full 7):
 PSYoungGen      total 128512K, used 8960K [0x00000000d7200000, 0x00000000e3880000, 0x0000000100000000)
  eden space 61952K, 0% used [0x00000000d7200000,0x00000000d7200000,0x00000000dae80000)
  from space 66560K, 13% used [0x00000000df780000,0x00000000e00402d0,0x00000000e3880000)
  to   space 70656K, 0% used [0x00000000dae80000,0x00000000dae80000,0x00000000df380000)
 ParOldGen       total 111616K, used 60682K [0x0000000085600000, 0x000000008c300000, 0x00000000d7200000)
  object space 111616K, 54% used [0x0000000085600000,0x0000000089142848,0x000000008c300000)
 Metaspace       used 110600K, capacity 118944K, committed 119384K, reserved 1148928K
  class space    used 15133K, capacity 18808K, committed 19032K, reserved 1048576K
}
Event: 46876.739 GC heap before
{Heap before GC invocations=67 (full 7):
 PSYoungGen      total 128512K, used 70900K [0x00000000d7200000, 0x00000000e3880000, 0x0000000100000000)
  eden space 61952K, 99% used [0x00000000d7200000,0x00000000dae7ce70,0x00000000dae80000)
  from space 66560K, 13% used [0x00000000df780000,0x00000000e00402d0,0x00000000e3880000)
  to   space 70656K, 0% used [0x00000000dae80000,0x00000000dae80000,0x00000000df380000)
 ParOldGen       total 111616K, used 60682K [0x0000000085600000, 0x000000008c300000, 0x00000000d7200000)
  object space 111616K, 54% used [0x0000000085600000,0x0000000089142848,0x000000008c300000)
 Metaspace       used 110729K, capacity 119115K, committed 119384K, reserved 1148928K
  class space    used 15164K, capacity 18854K, committed 19032K, reserved 1048576K
}
Event: 46876.946 GC heap after
{Heap after GC invocations=67 (full 7):
 PSYoungGen      total 132608K, used 28691K [0x00000000d7200000, 0x00000000e4080000, 0x0000000100000000)
  eden space 61952K, 0% used [0x00000000d7200000,0x00000000d7200000,0x00000000dae80000)
  from space 70656K, 40% used [0x00000000dae80000,0x00000000dca84cf0,0x00000000df380000)
  to   space 68096K, 0% used [0x00000000dfe00000,0x00000000dfe00000,0x00000000e4080000)
 ParOldGen       total 111616K, used 60682K [0x0000000085600000, 0x000000008c300000, 0x00000000d7200000)
  object space 111616K, 54% used [0x0000000085600000,0x0000000089142848,0x000000008c300000)
 Metaspace       used 110729K, capacity 119115K, committed 119384K, reserved 1148928K
  class space    used 15164K, capacity 18854K, committed 19032K, reserved 1048576K
}
Event: 46883.735 GC heap before
{Heap before GC invocations=68 (full 7):
 PSYoungGen      total 132608K, used 90643K [0x00000000d7200000, 0x00000000e4080000, 0x0000000100000000)
  eden space 61952K, 100% used [0x00000000d7200000,0x00000000dae80000,0x00000000dae80000)
  from space 70656K, 40% used [0x00000000dae80000,0x00000000dca84cf0,0x00000000df380000)
  to   space 68096K, 0% used [0x00000000dfe00000,0x00000000dfe00000,0x00000000e4080000)
 ParOldGen       total 111616K, used 60682K [0x0000000085600000, 0x000000008c300000, 0x00000000d7200000)
  object space 111616K, 54% used [0x0000000085600000,0x0000000089142848,0x000000008c300000)
 Metaspace       used 113095K, capacity 121731K, committed 121816K, reserved 1150976K
  class space    used 15511K, capacity 19360K, committed 19416K, reserved 1048576K
}
Event: 46883.754 GC heap after
{Heap after GC invocations=68 (full 7):
 PSYoungGen      total 139264K, used 4980K [0x00000000d7200000, 0x00000000e3d00000, 0x0000000100000000)
  eden space 74752K, 0% used [0x00000000d7200000,0x00000000d7200000,0x00000000dbb00000)
  from space 64512K, 7% used [0x00000000dfe00000,0x00000000e02dd278,0x00000000e3d00000)
  to   space 66560K, 0% used [0x00000000dbb00000,0x00000000dbb00000,0x00000000dfc00000)
 ParOldGen       total 111616K, used 61383K [0x0000000085600000, 0x000000008c300000, 0x00000000d7200000)
  object space 111616K, 54% used [0x0000000085600000,0x00000000891f1c10,0x000000008c300000)
 Metaspace       used 113095K, capacity 121731K, committed 121816K, reserved 1150976K
  class space    used 15511K, capacity 19360K, committed 19416K, reserved 1048576K
}
Event: 46884.211 GC heap before
{Heap before GC invocations=69 (full 7):
 PSYoungGen      total 139264K, used 79732K [0x00000000d7200000, 0x00000000e3d00000, 0x0000000100000000)
  eden space 74752K, 100% used [0x00000000d7200000,0x00000000dbb00000,0x00000000dbb00000)
  from space 64512K, 7% used [0x00000000dfe00000,0x00000000e02dd278,0x00000000e3d00000)
  to   space 66560K, 0% used [0x00000000dbb00000,0x00000000dbb00000,0x00000000dfc00000)
 ParOldGen       total 111616K, used 61383K [0x0000000085600000, 0x000000008c300000, 0x00000000d7200000)
  object space 111616K, 54% used [0x0000000085600000,0x00000000891f1c10,0x000000008c300000)
 Metaspace       used 113230K, capacity 121917K, committed 122072K, reserved 1153024K
  class space    used 15529K, capacity 19384K, committed 19416K, reserved 1048576K
}
Event: 46884.215 GC heap after
{Heap after GC invocations=69 (full 7):
 PSYoungGen      total 141312K, used 6190K [0x00000000d7200000, 0x00000000e4800000, 0x0000000100000000)
  eden space 74752K, 0% used [0x00000000d7200000,0x00000000d7200000,0x00000000dbb00000)
  from space 66560K, 9% used [0x00000000dbb00000,0x00000000dc10ba88,0x00000000dfc00000)
  to   space 64512K, 0% used [0x00000000e0900000,0x00000000e0900000,0x00000000e4800000)
 ParOldGen       total 111616K, used 61883K [0x0000000085600000, 0x000000008c300000, 0x00000000d7200000)
  object space 111616K, 55% used [0x0000000085600000,0x000000008926ef68,0x000000008c300000)
 Metaspace       used 113230K, capacity 121917K, committed 122072K, reserved 1153024K
  class space    used 15529K, capacity 19384K, committed 19416K, reserved 1048576K
}
Event: 46884.432 GC heap before
{Heap before GC invocations=70 (full 7):
 PSYoungGen      total 141312K, used 80942K [0x00000000d7200000, 0x00000000e4800000, 0x0000000100000000)
  eden space 74752K, 100% used [0x00000000d7200000,0x00000000dbb00000,0x00000000dbb00000)
  from space 66560K, 9% used [0x00000000dbb00000,0x00000000dc10ba88,0x00000000dfc00000)
  to   space 64512K, 0% used [0x00000000e0900000,0x00000000e0900000,0x00000000e4800000)
 ParOldGen       total 111616K, used 61883K [0x0000000085600000, 0x000000008c300000, 0x00000000d7200000)
  object space 111616K, 55% used [0x0000000085600000,0x000000008926ef68,0x000000008c300000)
 Metaspace       used 113739K, capacity 122427K, committed 122712K, reserved 1153024K
  class space    used 15598K, capacity 19476K, committed 19544K, reserved 1048576K
}
Event: 46884.440 GC heap after
{Heap after GC invocations=70 (full 7):
 PSYoungGen      total 150528K, used 3520K [0x00000000d7200000, 0x00000000e4400000, 0x0000000100000000)
  eden space 90112K, 0% used [0x00000000d7200000,0x00000000d7200000,0x00000000dca00000)
  from space 60416K, 5% used [0x00000000e0900000,0x00000000e0c70000,0x00000000e4400000)
  to   space 62464K, 0% used [0x00000000dca00000,0x00000000dca00000,0x00000000e0700000)
 ParOldGen       total 111616K, used 64901K [0x0000000085600000, 0x000000008c300000, 0x00000000d7200000)
  object space 111616K, 58% used [0x0000000085600000,0x00000000895616f8,0x000000008c300000)
 Metaspace       used 113739K, capacity 122427K, committed 122712K, reserved 1153024K
  class space    used 15598K, capacity 19476K, committed 19544K, reserved 1048576K
}
Event: 47323.251 GC heap before
{Heap before GC invocations=71 (full 7):
 PSYoungGen      total 150528K, used 93632K [0x00000000d7200000, 0x00000000e4400000, 0x0000000100000000)
  eden space 90112K, 100% used [0x00000000d7200000,0x00000000dca00000,0x00000000dca00000)
  from space 60416K, 5% used [0x00000000e0900000,0x00000000e0c70000,0x00000000e4400000)
  to   space 62464K, 0% used [0x00000000dca00000,0x00000000dca00000,0x00000000e0700000)
 ParOldGen       total 111616K, used 64901K [0x0000000085600000, 0x000000008c300000, 0x00000000d7200000)
  object space 111616K, 58% used [0x0000000085600000,0x00000000895616f8,0x000000008c300000)
 Metaspace       used 117584K, capacity 126412K, committed 126680K, reserved 1155072K
  class space    used 16237K, capacity 20167K, committed 20184K, reserved 1048576K
}
Event: 47323.432 GC heap after
{Heap after GC invocations=71 (full 7):
 PSYoungGen      total 152576K, used 13799K [0x00000000d7200000, 0x00000000e4d80000, 0x0000000100000000)
  eden space 90112K, 0% used [0x00000000d7200000,0x00000000d7200000,0x00000000dca00000)
  from space 62464K, 22% used [0x00000000dca00000,0x00000000dd779f38,0x00000000e0700000)
  to   space 58368K, 0% used [0x00000000e1480000,0x00000000e1480000,0x00000000e4d80000)
 ParOldGen       total 111616K, used 68353K [0x0000000085600000, 0x000000008c300000, 0x00000000d7200000)
  object space 111616K, 61% used [0x0000000085600000,0x00000000898c0738,0x000000008c300000)
 Metaspace       used 117584K, capacity 126412K, committed 126680K, reserved 1155072K
  class space    used 16237K, capacity 20167K, committed 20184K, reserved 1048576K
}
Event: 47496.127 GC heap before
{Heap before GC invocations=72 (full 7):
 PSYoungGen      total 152576K, used 103911K [0x00000000d7200000, 0x00000000e4d80000, 0x0000000100000000)
  eden space 90112K, 100% used [0x00000000d7200000,0x00000000dca00000,0x00000000dca00000)
  from space 62464K, 22% used [0x00000000dca00000,0x00000000dd779f38,0x00000000e0700000)
  to   space 58368K, 0% used [0x00000000e1480000,0x00000000e1480000,0x00000000e4d80000)
 ParOldGen       total 111616K, used 68353K [0x0000000085600000, 0x000000008c300000, 0x00000000d7200000)
  object space 111616K, 61% used [0x0000000085600000,0x00000000898c0738,0x000000008c300000)
 Metaspace       used 117729K, capacity 126580K, committed 126680K, reserved 1155072K
  class space    used 16237K, capacity 20167K, committed 20184K, reserved 1048576K
}

