# JRE version: OpenJDK Runtime Environment 18.9 (11.0.14+9) (build 11.0.14+9)
# Java VM: OpenJDK 64-Bit Server VM 18.9 (11.0.14+9, mixed mode, sharing, tiered, compressed oops, g1 gc, linux-amd64)
Heap:
 garbage-first heap   total 526336K, used 127915K [0x0000000085600000, 0x0000000100000000)
  region size 1024K, 97 young (99328K), 19 survivors (19456K)
 Metaspace       used 100813K, capacity 109092K, committed 109212K, reserved 1138688K
  class space    used 15816K, capacity 20129K, committed 20204K, reserved 1048576K
GC Heap History (17 events):
Event: 0.731 GC heap before
{Heap before GC invocations=0 (full 0):
 garbage-first heap   total 526336K, used 28360K [0x0000000085600000, 0x0000000100000000)
  region size 1024K, 25 young (25600K), 0 survivors (0K)
 Metaspace       used 6768K, capacity 10078K, committed 10368K, reserved 1058816K
  class space    used 736K, capacity 1130K, committed 1152K, reserved 1048576K
}
Event: 0.739 GC heap after
{Heap after GC invocations=1 (full 0):
 garbage-first heap   total 526336K, used 5673K [0x0000000085600000, 0x0000000100000000)
  region size 1024K, 4 young (4096K), 4 survivors (4096K)
 Metaspace       used 6768K, capacity 10078K, committed 10368K, reserved 1058816K
  class space    used 736K, capacity 1130K, committed 1152K, reserved 1048576K
}
Event: 1.228 GC heap before
{Heap before GC invocations=1 (full 0):
 garbage-first heap   total 526336K, used 44585K [0x0000000085600000, 0x0000000100000000)
  region size 1024K, 44 young (45056K), 4 survivors (4096K)
 Metaspace       used 18310K, capacity 21040K, committed 21296K, reserved 1069056K
  class space    used 2179K, capacity 2643K, committed 2688K, reserved 1048576K
}
Event: 1.237 GC heap after
{Heap after GC invocations=2 (full 0):
 garbage-first heap   total 526336K, used 8855K [0x0000000085600000, 0x0000000100000000)
  region size 1024K, 7 young (7168K), 7 survivors (7168K)
 Metaspace       used 18310K, capacity 21040K, committed 21296K, reserved 1069056K
  class space    used 2179K, capacity 2643K, committed 2688K, reserved 1048576K
}
Event: 1.672 GC heap before
{Heap before GC invocations=3 (full 0):
 garbage-first heap   total 526336K, used 62103K [0x0000000085600000, 0x0000000100000000)
  region size 1024K, 60 young (61440K), 7 survivors (7168K)
 Metaspace       used 31342K, capacity 33457K, committed 33712K, reserved 1079296K
  class space    used 4087K, capacity 4765K, committed 4864K, reserved 1048576K
}
Event: 1.681 GC heap after
{Heap after GC invocations=4 (full 0):
 garbage-first heap   total 526336K, used 10455K [0x0000000085600000, 0x0000000100000000)
  region size 1024K, 5 young (5120K), 5 survivors (5120K)
 Metaspace       used 31342K, capacity 33457K, committed 33712K, reserved 1079296K
  class space    used 4087K, capacity 4765K, committed 4864K, reserved 1048576K
}
Event: 1.751 GC heap before
{Heap before GC invocations=4 (full 0):
 garbage-first heap   total 526336K, used 18647K [0x0000000085600000, 0x0000000100000000)
  region size 1024K, 14 young (14336K), 5 survivors (5120K)
 Metaspace       used 33826K, capacity 35822K, committed 35888K, reserved 1079296K
  class space    used 4622K, capacity 5446K, committed 5504K, reserved 1048576K
}
Event: 1.759 GC heap after
{Heap after GC invocations=5 (full 0):
 garbage-first heap   total 526336K, used 11269K [0x0000000085600000, 0x0000000100000000)
  region size 1024K, 6 young (6144K), 6 survivors (6144K)
 Metaspace       used 33826K, capacity 35822K, committed 35888K, reserved 1079296K
  class space    used 4622K, capacity 5446K, committed 5504K, reserved 1048576K
}
Event: 3.937 GC heap before
{Heap before GC invocations=6 (full 0):
 garbage-first heap   total 526336K, used 110597K [0x0000000085600000, 0x0000000100000000)
  region size 1024K, 103 young (105472K), 6 survivors (6144K)
 Metaspace       used 56293K, capacity 59562K, committed 59804K, reserved 1099776K
  class space    used 8160K, capacity 9920K, committed 9964K, reserved 1048576K
}
Event: 3.974 GC heap after
{Heap after GC invocations=7 (full 0):
 garbage-first heap   total 526336K, used 19294K [0x0000000085600000, 0x0000000100000000)
  region size 1024K, 13 young (13312K), 13 survivors (13312K)
 Metaspace       used 56293K, capacity 59562K, committed 59804K, reserved 1099776K
  class space    used 8160K, capacity 9920K, committed 9964K, reserved 1048576K
}
Event: 7.485 GC heap before
{Heap before GC invocations=8 (full 0):
 garbage-first heap   total 526336K, used 309086K [0x0000000085600000, 0x0000000100000000)
  region size 1024K, 245 young (250880K), 13 survivors (13312K)
 Metaspace       used 80240K, capacity 86887K, committed 87196K, reserved 1120256K
  class space    used 12885K, capacity 16497K, committed 16620K, reserved 1048576K
}
Event: 7.517 GC heap after
{Heap after GC invocations=9 (full 0):
 garbage-first heap   total 526336K, used 32599K [0x0000000085600000, 0x0000000100000000)
  region size 1024K, 25 young (25600K), 25 survivors (25600K)
 Metaspace       used 80240K, capacity 86887K, committed 87196K, reserved 1120256K
  class space    used 12885K, capacity 16497K, committed 16620K, reserved 1048576K
}
Event: 9.913 GC heap before
{Heap before GC invocations=9 (full 0):
 garbage-first heap   total 526336K, used 384855K [0x0000000085600000, 0x0000000100000000)
  region size 1024K, 270 young (276480K), 25 survivors (25600K)
 Metaspace       used 87713K, capacity 95229K, committed 95516K, reserved 1126400K
  class space    used 13922K, capacity 17934K, committed 18028K, reserved 1048576K
}
Event: 9.951 GC heap after
{Heap after GC invocations=10 (full 0):
 garbage-first heap   total 526336K, used 43650K [0x0000000085600000, 0x0000000100000000)
  region size 1024K, 23 young (23552K), 23 survivors (23552K)
 Metaspace       used 87713K, capacity 95229K, committed 95516K, reserved 1126400K
  class space    used 13922K, capacity 17934K, committed 18028K, reserved 1048576K
}
Event: 10.458 GC heap before
{Heap before GC invocations=10 (full 0):
 garbage-first heap   total 526336K, used 96898K [0x0000000085600000, 0x0000000100000000)
  region size 1024K, 76 young (77824K), 23 survivors (23552K)
 Metaspace       used 92361K, capacity 99940K, committed 99996K, reserved 1130496K
  class space    used 14553K, capacity 18612K, committed 18668K, reserved 1048576K
}
Event: 10.479 GC heap after
{Heap after GC invocations=11 (full 0):
 garbage-first heap   total 526336K, used 48591K [0x0000000085600000, 0x0000000100000000)
  region size 1024K, 19 young (19456K), 19 survivors (19456K)
 Metaspace       used 92361K, capacity 99940K, committed 99996K, reserved 1130496K
  class space    used 14553K, capacity 18612K, committed 18668K, reserved 1048576K
}
Event: 611.589 GC heap before
{Heap before GC invocations=12 (full 0):
 garbage-first heap   total 526336K, used 126415K [0x0000000085600000, 0x0000000100000000)
  region size 1024K, 97 young (99328K), 19 survivors (19456K)
 Metaspace       used 100813K, capacity 109092K, committed 109212K, reserved 1138688K
  class space    used 15816K, capacity 20129K, committed 20204K, reserved 1048576K
}

