# JRE version: OpenJDK Runtime Environment 18.9 (11.0.14+9) (build 11.0.14+9)
# Java VM: OpenJDK 64-Bit Server VM 18.9 (11.0.14+9, mixed mode, sharing, tiered, compressed oops, g1 gc, linux-amd64)
Heap:
 garbage-first heap   total 524288K, used 58311K [0x0000000085600000, 0x0000000100000000)
  region size 1024K, 8 young (8192K), 0 survivors (0K)
 Metaspace       used 152294K, capacity 164505K, committed 165704K, reserved 1185792K
  class space    used 23165K, capacity 29373K, committed 29696K, reserved 1048576K
GC Heap History (20 events):
Event: 2.732 GC heap before
{Heap before GC invocations=6 (full 0):
 garbage-first heap   total 526336K, used 116156K [0x0000000085600000, 0x0000000100000000)
  region size 1024K, 110 young (112640K), 7 survivors (7168K)
 Metaspace       used 57201K, capacity 60493K, committed 60592K, reserved 1099776K
  class space    used 8299K, capacity 10145K, committed 10240K, reserved 1048576K
}
Event: 2.753 GC heap after
{Heap after GC invocations=7 (full 0):
 garbage-first heap   total 526336K, used 20013K [0x0000000085600000, 0x0000000100000000)
  region size 1024K, 15 young (15360K), 15 survivors (15360K)
 Metaspace       used 57201K, capacity 60493K, committed 60592K, reserved 1099776K
  class space    used 8299K, capacity 10145K, committed 10240K, reserved 1048576K
}
Event: 6.361 GC heap before
{Heap before GC invocations=8 (full 0):
 garbage-first heap   total 526336K, used 394797K [0x0000000085600000, 0x0000000100000000)
  region size 1024K, 307 young (314368K), 15 survivors (15360K)
 Metaspace       used 81613K, capacity 88484K, committed 88648K, reserved 1122304K
  class space    used 13106K, capacity 16849K, committed 16896K, reserved 1048576K
}
Event: 6.399 GC heap after
{Heap after GC invocations=9 (full 0):
 garbage-first heap   total 526336K, used 32893K [0x0000000085600000, 0x0000000100000000)
  region size 1024K, 26 young (26624K), 26 survivors (26624K)
 Metaspace       used 81613K, capacity 88484K, committed 88648K, reserved 1122304K
  class space    used 13106K, capacity 16849K, committed 16896K, reserved 1048576K
}
Event: 8.648 GC heap before
{Heap before GC invocations=10 (full 0):
 garbage-first heap   total 526336K, used 398461K [0x0000000085600000, 0x0000000100000000)
  region size 1024K, 307 young (314368K), 26 survivors (26624K)
 Metaspace       used 98383K, capacity 106291K, committed 106440K, reserved 1136640K
  class space    used 15390K, capacity 19562K, committed 19584K, reserved 1048576K
}
Event: 8.695 GC heap after
{Heap after GC invocations=11 (full 0):
 garbage-first heap   total 526336K, used 50266K [0x0000000085600000, 0x0000000100000000)
  region size 1024K, 38 young (38912K), 38 survivors (38912K)
 Metaspace       used 98383K, capacity 106291K, committed 106440K, reserved 1136640K
  class space    used 15390K, capacity 19562K, committed 19584K, reserved 1048576K
}
Event: 609.265 GC heap before
{Heap before GC invocations=11 (full 0):
 garbage-first heap   total 526336K, used 84058K [0x0000000085600000, 0x0000000100000000)
  region size 1024K, 72 young (73728K), 38 survivors (38912K)
 Metaspace       used 101235K, capacity 109565K, committed 109768K, reserved 1138688K
  class space    used 15915K, capacity 20266K, committed 20352K, reserved 1048576K
}
Event: 610.608 GC heap after
{Heap after GC invocations=12 (full 1):
 garbage-first heap   total 524288K, used 36711K [0x0000000085600000, 0x0000000100000000)
  region size 1024K, 0 young (0K), 0 survivors (0K)
 Metaspace       used 96595K, capacity 103872K, committed 109768K, reserved 1138688K
  class space    used 14915K, capacity 18697K, committed 20352K, reserved 1048576K
}
Event: 610.701 GC heap before
{Heap before GC invocations=12 (full 1):
 garbage-first heap   total 524288K, used 37735K [0x0000000085600000, 0x0000000100000000)
  region size 1024K, 2 young (2048K), 0 survivors (0K)
 Metaspace       used 96598K, capacity 103904K, committed 109768K, reserved 1138688K
  class space    used 14916K, capacity 18729K, committed 20352K, reserved 1048576K
}
Event: 610.959 GC heap after
{Heap after GC invocations=13 (full 2):
 garbage-first heap   total 524288K, used 36573K [0x0000000085600000, 0x0000000100000000)
  region size 1024K, 0 young (0K), 0 survivors (0K)
 Metaspace       used 96598K, capacity 103904K, committed 109768K, reserved 1138688K
  class space    used 14916K, capacity 18729K, committed 20352K, reserved 1048576K
}
Event: 691.141 GC heap before
{Heap before GC invocations=13 (full 2):
 garbage-first heap   total 524288K, used 382685K [0x0000000085600000, 0x0000000100000000)
  region size 1024K, 307 young (314368K), 0 survivors (0K)
 Metaspace       used 144506K, capacity 155893K, committed 155976K, reserved 1177600K
  class space    used 22544K, capacity 28601K, committed 28672K, reserved 1048576K
}
Event: 691.274 GC heap after
{Heap after GC invocations=14 (full 2):
 garbage-first heap   total 524288K, used 57053K [0x0000000085600000, 0x0000000100000000)
  region size 1024K, 17 young (17408K), 17 survivors (17408K)
 Metaspace       used 144506K, capacity 155893K, committed 155976K, reserved 1177600K
  class space    used 22544K, capacity 28601K, committed 28672K, reserved 1048576K
}
Event: 1489.645 GC heap before
{Heap before GC invocations=14 (full 2):
 garbage-first heap   total 524288K, used 267997K [0x0000000085600000, 0x0000000100000000)
  region size 1024K, 209 young (214016K), 17 survivors (17408K)
 Metaspace       used 150636K, capacity 162950K, committed 163272K, reserved 1183744K
  class space    used 23201K, capacity 29496K, committed 29568K, reserved 1048576K
}
Event: 1490.547 GC heap after
{Heap after GC invocations=15 (full 3):
 garbage-first heap   total 524288K, used 53232K [0x0000000085600000, 0x0000000100000000)
  region size 1024K, 0 young (0K), 0 survivors (0K)
 Metaspace       used 150421K, capacity 162450K, committed 163272K, reserved 1183744K
  class space    used 23141K, capacity 29359K, committed 29568K, reserved 1048576K
}
Event: 1490.591 GC heap before
{Heap before GC invocations=15 (full 3):
 garbage-first heap   total 524288K, used 54256K [0x0000000085600000, 0x0000000100000000)
  region size 1024K, 2 young (2048K), 0 survivors (0K)
 Metaspace       used 150422K, capacity 162450K, committed 163272K, reserved 1183744K
  class space    used 23141K, capacity 29359K, committed 29568K, reserved 1048576K
}
Event: 1490.692 GC heap after
{Heap after GC invocations=16 (full 4):
 garbage-first heap   total 524288K, used 53171K [0x0000000085600000, 0x0000000100000000)
  region size 1024K, 0 young (0K), 0 survivors (0K)
 Metaspace       used 150422K, capacity 162450K, committed 163272K, reserved 1183744K
  class space    used 23141K, capacity 29359K, committed 29568K, reserved 1048576K
}
Event: 2153.343 GC heap before
{Heap before GC invocations=16 (full 4):
 garbage-first heap   total 524288K, used 292787K [0x0000000085600000, 0x0000000100000000)
  region size 1024K, 227 young (232448K), 0 survivors (0K)
 Metaspace       used 152712K, capacity 165421K, committed 165704K, reserved 1185792K
  class space    used 23278K, capacity 29613K, committed 29696K, reserved 1048576K
}
Event: 2154.068 GC heap after
{Heap after GC invocations=17 (full 5):
 garbage-first heap   total 524288K, used 53667K [0x0000000085600000, 0x0000000100000000)
  region size 1024K, 0 young (0K), 0 survivors (0K)
 Metaspace       used 152466K, capacity 164779K, committed 165704K, reserved 1185792K
  class space    used 23224K, capacity 29463K, committed 29696K, reserved 1048576K
}
Event: 2154.070 GC heap before
{Heap before GC invocations=17 (full 5):
 garbage-first heap   total 524288K, used 54691K [0x0000000085600000, 0x0000000100000000)
  region size 1024K, 2 young (2048K), 0 survivors (0K)
 Metaspace       used 152466K, capacity 164779K, committed 165704K, reserved 1185792K
  class space    used 23224K, capacity 29463K, committed 29696K, reserved 1048576K
}
Event: 2154.177 GC heap after
{Heap after GC invocations=18 (full 6):
 garbage-first heap   total 524288K, used 51143K [0x0000000085600000, 0x0000000100000000)
  region size 1024K, 0 young (0K), 0 survivors (0K)
 Metaspace       used 152198K, capacity 164364K, committed 165704K, reserved 1185792K
  class space    used 23154K, capacity 29328K, committed 29696K, reserved 1048576K
}

