# JRE version: OpenJDK Runtime Environment (8.0_292-b10) (build 1.8.0_292-b10)
# Java VM: OpenJDK 64-Bit Server VM (25.292-b10 mixed mode linux-amd64 compressed oops)
Heap:
 PSYoungGen      total 171008K, used 85631K [0x00000000eab00000, 0x00000000f8600000, 0x0000000100000000)
  eden space 121856K, 59% used [0x00000000eab00000,0x00000000ef238dd0,0x00000000f2200000)
  from space 49152K, 25% used [0x00000000f5600000,0x00000000f6267120,0x00000000f8600000)
  to   space 51200K, 0% used [0x00000000f2200000,0x00000000f2200000,0x00000000f5400000)
 ParOldGen       total 182784K, used 117871K [0x00000000c0000000, 0x00000000cb280000, 0x00000000eab00000)
  object space 182784K, 64% used [0x00000000c0000000,0x00000000c731bee8,0x00000000cb280000)
 Metaspace       used 146766K, capacity 163310K, committed 163416K, reserved 1191936K
  class space    used 18603K, capacity 20008K, committed 20096K, reserved 1048576K
GC Heap History (10 events):
Event: 3430.723 GC heap before
{Heap before GC invocations=46 (full 4):
 PSYoungGen      total 174080K, used 173970K [0x00000000eab00000, 0x00000000f9180000, 0x0000000100000000)
  eden space 138752K, 100% used [0x00000000eab00000,0x00000000f3280000,0x00000000f3280000)
  from space 35328K, 99% used [0x00000000f3680000,0x00000000f58e4830,0x00000000f5900000)
  to   space 48640K, 0% used [0x00000000f6200000,0x00000000f6200000,0x00000000f9180000)
 ParOldGen       total 182784K, used 91101K [0x00000000c0000000, 0x00000000cb280000, 0x00000000eab00000)
  object space 182784K, 49% used [0x00000000c0000000,0x00000000c58f77c0,0x00000000cb280000)
 Metaspace       used 146362K, capacity 162798K, committed 163032K, reserved 1191936K
  class space    used 18543K, capacity 19946K, committed 19968K, reserved 1048576K
Event: 3430.792 GC heap after
Heap after GC invocations=46 (full 4):
 PSYoungGen      total 180224K, used 36585K [0x00000000eab00000, 0x00000000f8e00000, 0x0000000100000000)
  eden space 135168K, 0% used [0x00000000eab00000,0x00000000eab00000,0x00000000f2f00000)
  from space 45056K, 81% used [0x00000000f6200000,0x00000000f85ba6e8,0x00000000f8e00000)
  to   space 48640K, 0% used [0x00000000f2f00000,0x00000000f2f00000,0x00000000f5e80000)
 ParOldGen       total 182784K, used 91181K [0x00000000c0000000, 0x00000000cb280000, 0x00000000eab00000)
  object space 182784K, 49% used [0x00000000c0000000,0x00000000c590b7c0,0x00000000cb280000)
 Metaspace       used 146362K, capacity 162798K, committed 163032K, reserved 1191936K
  class space    used 18543K, capacity 19946K, committed 19968K, reserved 1048576K
}
Event: 3464.875 GC heap before
{Heap before GC invocations=47 (full 4):
 PSYoungGen      total 180224K, used 171753K [0x00000000eab00000, 0x00000000f8e00000, 0x0000000100000000)
  eden space 135168K, 100% used [0x00000000eab00000,0x00000000f2f00000,0x00000000f2f00000)
  from space 45056K, 81% used [0x00000000f6200000,0x00000000f85ba6e8,0x00000000f8e00000)
  to   space 48640K, 0% used [0x00000000f2f00000,0x00000000f2f00000,0x00000000f5e80000)
 ParOldGen       total 182784K, used 91181K [0x00000000c0000000, 0x00000000cb280000, 0x00000000eab00000)
  object space 182784K, 49% used [0x00000000c0000000,0x00000000c590b7c0,0x00000000cb280000)
 Metaspace       used 146413K, capacity 162814K, committed 163032K, reserved 1191936K
  class space    used 18547K, capacity 19952K, committed 19968K, reserved 1048576K
Event: 3464.902 GC heap after
Heap after GC invocations=47 (full 4):
 PSYoungGen      total 167936K, used 36264K [0x00000000eab00000, 0x00000000f8a80000, 0x0000000100000000)
  eden space 131584K, 0% used [0x00000000eab00000,0x00000000eab00000,0x00000000f2b80000)
  from space 36352K, 99% used [0x00000000f2f00000,0x00000000f526a0a0,0x00000000f5280000)
  to   space 48640K, 0% used [0x00000000f5b00000,0x00000000f5b00000,0x00000000f8a80000)
 ParOldGen       total 182784K, used 91605K [0x00000000c0000000, 0x00000000cb280000, 0x00000000eab00000)
  object space 182784K, 50% used [0x00000000c0000000,0x00000000c59757d0,0x00000000cb280000)
 Metaspace       used 146413K, capacity 162814K, committed 163032K, reserved 1191936K
  class space    used 18547K, capacity 19952K, committed 19968K, reserved 1048576K
}
Event: 3506.150 GC heap before
{Heap before GC invocations=48 (full 4):
 PSYoungGen      total 167936K, used 167848K [0x00000000eab00000, 0x00000000f8a80000, 0x0000000100000000)
  eden space 131584K, 100% used [0x00000000eab00000,0x00000000f2b80000,0x00000000f2b80000)
  from space 36352K, 99% used [0x00000000f2f00000,0x00000000f526a0a0,0x00000000f5280000)
  to   space 48640K, 0% used [0x00000000f5b00000,0x00000000f5b00000,0x00000000f8a80000)
 ParOldGen       total 182784K, used 91605K [0x00000000c0000000, 0x00000000cb280000, 0x00000000eab00000)
  object space 182784K, 50% used [0x00000000c0000000,0x00000000c59757d0,0x00000000cb280000)
 Metaspace       used 146455K, capacity 162878K, committed 163032K, reserved 1191936K
  class space    used 18547K, capacity 19952K, committed 19968K, reserved 1048576K
Event: 3506.216 GC heap after
Heap after GC invocations=48 (full 4):
 PSYoungGen      total 173056K, used 22987K [0x00000000eab00000, 0x00000000f8700000, 0x0000000100000000)
  eden space 128000K, 0% used [0x00000000eab00000,0x00000000eab00000,0x00000000f2800000)
  from space 45056K, 51% used [0x00000000f5b00000,0x00000000f7172d50,0x00000000f8700000)
  to   space 48640K, 0% used [0x00000000f2800000,0x00000000f2800000,0x00000000f5780000)
 ParOldGen       total 182784K, used 105201K [0x00000000c0000000, 0x00000000cb280000, 0x00000000eab00000)
  object space 182784K, 57% used [0x00000000c0000000,0x00000000c66bc558,0x00000000cb280000)
 Metaspace       used 146455K, capacity 162878K, committed 163032K, reserved 1191936K
  class space    used 18547K, capacity 19952K, committed 19968K, reserved 1048576K
}
Event: 3559.298 GC heap before
{Heap before GC invocations=49 (full 4):
 PSYoungGen      total 173056K, used 150987K [0x00000000eab00000, 0x00000000f8700000, 0x0000000100000000)
  eden space 128000K, 100% used [0x00000000eab00000,0x00000000f2800000,0x00000000f2800000)
  from space 45056K, 51% used [0x00000000f5b00000,0x00000000f7172d50,0x00000000f8700000)
  to   space 48640K, 0% used [0x00000000f2800000,0x00000000f2800000,0x00000000f5780000)
 ParOldGen       total 182784K, used 105201K [0x00000000c0000000, 0x00000000cb280000, 0x00000000eab00000)
  object space 182784K, 57% used [0x00000000c0000000,0x00000000c66bc558,0x00000000cb280000)
 Metaspace       used 146501K, capacity 162948K, committed 163032K, reserved 1191936K
  class space    used 18548K, capacity 19953K, committed 19968K, reserved 1048576K
Event: 3559.330 GC heap after
Heap after GC invocations=49 (full 4):
 PSYoungGen      total 137216K, used 11808K [0x00000000eab00000, 0x00000000f8700000, 0x0000000100000000)
  eden space 124928K, 0% used [0x00000000eab00000,0x00000000eab00000,0x00000000f2500000)
  from space 12288K, 96% used [0x00000000f2800000,0x00000000f3388030,0x00000000f3400000)
  to   space 50176K, 0% used [0x00000000f5600000,0x00000000f5600000,0x00000000f8700000)
 ParOldGen       total 182784K, used 117151K [0x00000000c0000000, 0x00000000cb280000, 0x00000000eab00000)
  object space 182784K, 64% used [0x00000000c0000000,0x00000000c7267ea8,0x00000000cb280000)
 Metaspace       used 146501K, capacity 162948K, committed 163032K, reserved 1191936K
  class space    used 18548K, capacity 19953K, committed 19968K, reserved 1048576K
}
Event: 3571.244 GC heap before
{Heap before GC invocations=50 (full 4):
 PSYoungGen      total 137216K, used 136567K [0x00000000eab00000, 0x00000000f8700000, 0x0000000100000000)
  eden space 124928K, 99% used [0x00000000eab00000,0x00000000f24d5de8,0x00000000f2500000)
  from space 12288K, 96% used [0x00000000f2800000,0x00000000f3388030,0x00000000f3400000)
  to   space 50176K, 0% used [0x00000000f5600000,0x00000000f5600000,0x00000000f8700000)
 ParOldGen       total 182784K, used 117151K [0x00000000c0000000, 0x00000000cb280000, 0x00000000eab00000)
  object space 182784K, 64% used [0x00000000c0000000,0x00000000c7267ea8,0x00000000cb280000)
 Metaspace       used 146737K, capacity 163310K, committed 163416K, reserved 1191936K
  class space    used 18601K, capacity 20008K, committed 20096K, reserved 1048576K
Event: 3571.287 GC heap after
Heap after GC invocations=50 (full 4):
 PSYoungGen      total 171008K, used 12700K [0x00000000eab00000, 0x00000000f8600000, 0x0000000100000000)
  eden space 121856K, 0% used [0x00000000eab00000,0x00000000eab00000,0x00000000f2200000)
  from space 49152K, 25% used [0x00000000f5600000,0x00000000f6267120,0x00000000f8600000)
  to   space 51200K, 0% used [0x00000000f2200000,0x00000000f2200000,0x00000000f5400000)
 ParOldGen       total 182784K, used 117871K [0x00000000c0000000, 0x00000000cb280000, 0x00000000eab00000)
  object space 182784K, 64% used [0x00000000c0000000,0x00000000c731bee8,0x00000000cb280000)
 Metaspace       used 146737K, capacity 163310K, committed 163416K, reserved 1191936K
  class space    used 18601K, capacity 20008K, committed 20096K, reserved 1048576K
}

