# JRE version: OpenJDK Runtime Environment 18.9 (11.0.14.1+1) (build 11.0.14.1+1)
# Java VM: OpenJDK 64-Bit Server VM 18.9 (11.0.14.1+1, mixed mode, sharing, tiered, compressed oops, g1 gc, linux-amd64)
Heap:
 garbage-first heap   total 524288K, used 289100K [0x0000000085600000, 0x0000000100000000)
  region size 1024K, 222 young (227328K), 0 survivors (0K)
 Metaspace       used 160520K, capacity 174401K, committed 175052K, reserved 1191936K
  class space    used 24371K, capacity 31118K, committed 31744K, reserved 1048576K
GC Heap History (20 events):
Event: 11.627 GC heap after
{Heap after GC invocations=12 (full 0):
 garbage-first heap   total 526336K, used 48982K [0x0000000085600000, 0x0000000100000000)
  region size 1024K, 28 young (28672K), 28 survivors (28672K)
 Metaspace       used 92286K, capacity 99946K, committed 100044K, reserved 1130496K
  class space    used 14558K, capacity 18658K, committed 18688K, reserved 1048576K
}
Event: 11.728 GC heap before
{Heap before GC invocations=12 (full 0):
 garbage-first heap   total 526336K, used 56150K [0x0000000085600000, 0x0000000100000000)
  region size 1024K, 36 young (36864K), 28 survivors (28672K)
 Metaspace       used 93113K, capacity 100789K, committed 100940K, reserved 1132544K
  class space    used 14690K, capacity 18791K, committed 18816K, reserved 1048576K
}
Event: 11.752 GC heap after
{Heap after GC invocations=13 (full 0):
 garbage-first heap   total 526336K, used 49649K [0x0000000085600000, 0x0000000100000000)
  region size 1024K, 20 young (20480K), 20 survivors (20480K)
 Metaspace       used 93113K, capacity 100789K, committed 100940K, reserved 1132544K
  class space    used 14690K, capacity 18791K, committed 18816K, reserved 1048576K
}
Event: 16.800 GC heap before
{Heap before GC invocations=14 (full 0):
 garbage-first heap   total 526336K, used 382449K [0x0000000085600000, 0x0000000100000000)
  region size 1024K, 307 young (314368K), 20 survivors (20480K)
 Metaspace       used 136524K, capacity 147472K, committed 147660K, reserved 1169408K
  class space    used 21349K, capacity 27076K, committed 27136K, reserved 1048576K
}
Event: 16.853 GC heap after
{Heap after GC invocations=15 (full 0):
 garbage-first heap   total 526336K, used 72109K [0x0000000085600000, 0x0000000100000000)
  region size 1024K, 39 young (39936K), 39 survivors (39936K)
 Metaspace       used 136524K, capacity 147472K, committed 147660K, reserved 1169408K
  class space    used 21349K, capacity 27076K, committed 27136K, reserved 1048576K
}
Event: 227.355 GC heap before
{Heap before GC invocations=16 (full 0):
 garbage-first heap   total 526336K, used 240045K [0x0000000085600000, 0x0000000100000000)
  region size 1024K, 201 young (205824K), 39 survivors (39936K)
 Metaspace       used 154113K, capacity 166759K, committed 166860K, reserved 1185792K
  class space    used 24039K, capacity 30640K, committed 30720K, reserved 1048576K
}
Event: 227.456 GC heap after
{Heap after GC invocations=17 (full 0):
 garbage-first heap   total 526336K, used 93920K [0x0000000085600000, 0x0000000100000000)
  region size 1024K, 23 young (23552K), 23 survivors (23552K)
 Metaspace       used 154113K, capacity 166759K, committed 166860K, reserved 1185792K
  class space    used 24039K, capacity 30640K, committed 30720K, reserved 1048576K
}
Event: 638.908 GC heap before
{Heap before GC invocations=17 (full 0):
 garbage-first heap   total 526336K, used 264928K [0x0000000085600000, 0x0000000100000000)
  region size 1024K, 187 young (191488K), 23 survivors (23552K)
 Metaspace       used 158624K, capacity 172205K, committed 172364K, reserved 1189888K
  class space    used 24608K, capacity 31522K, committed 31616K, reserved 1048576K
}
Event: 639.030 GC heap after
{Heap after GC invocations=18 (full 0):
 garbage-first heap   total 526336K, used 117960K [0x0000000085600000, 0x0000000100000000)
  region size 1024K, 20 young (20480K), 20 survivors (20480K)
 Metaspace       used 158624K, capacity 172205K, committed 172364K, reserved 1189888K
  class space    used 24608K, capacity 31522K, committed 31616K, reserved 1048576K
}
Event: 640.832 GC heap before
{Heap before GC invocations=18 (full 0):
 garbage-first heap   total 526336K, used 144584K [0x0000000085600000, 0x0000000100000000)
  region size 1024K, 48 young (49152K), 20 survivors (20480K)
 Metaspace       used 159290K, capacity 173018K, committed 173260K, reserved 1191936K
  class space    used 24674K, capacity 31655K, committed 31744K, reserved 1048576K
}
Event: 641.100 GC heap after
{Heap after GC invocations=19 (full 1):
 garbage-first heap   total 524288K, used 55048K [0x0000000085600000, 0x0000000100000000)
  region size 1024K, 0 young (0K), 0 survivors (0K)
 Metaspace       used 155014K, capacity 167529K, committed 173260K, reserved 1191936K
  class space    used 23895K, capacity 30360K, committed 31744K, reserved 1048576K
}
Event: 641.107 GC heap before
{Heap before GC invocations=19 (full 1):
 garbage-first heap   total 524288K, used 56072K [0x0000000085600000, 0x0000000100000000)
  region size 1024K, 2 young (2048K), 0 survivors (0K)
 Metaspace       used 155027K, capacity 167529K, committed 173260K, reserved 1191936K
  class space    used 23896K, capacity 30360K, committed 31744K, reserved 1048576K
}
Event: 641.185 GC heap after
{Heap after GC invocations=20 (full 2):
 garbage-first heap   total 524288K, used 55041K [0x0000000085600000, 0x0000000100000000)
  region size 1024K, 0 young (0K), 0 survivors (0K)
 Metaspace       used 155027K, capacity 167529K, committed 173260K, reserved 1191936K
  class space    used 23896K, capacity 30360K, committed 31744K, reserved 1048576K
}
Event: 1070.587 GC heap before
{Heap before GC invocations=20 (full 2):
 garbage-first heap   total 524288K, used 362241K [0x0000000085600000, 0x0000000100000000)
  region size 1024K, 293 young (300032K), 0 survivors (0K)
 Metaspace       used 158857K, capacity 172494K, committed 173260K, reserved 1191936K
  class space    used 24366K, capacity 31143K, committed 31744K, reserved 1048576K
}
Event: 1070.654 GC heap after
{Heap after GC invocations=21 (full 2):
 garbage-first heap   total 524288K, used 67819K [0x0000000085600000, 0x0000000100000000)
  region size 1024K, 5 young (5120K), 5 survivors (5120K)
 Metaspace       used 158857K, capacity 172494K, committed 173260K, reserved 1191936K
  class space    used 24366K, capacity 31143K, committed 31744K, reserved 1048576K
}
Event: 1244.221 GC heap before
{Heap before GC invocations=21 (full 2):
 garbage-first heap   total 524288K, used 278763K [0x0000000085600000, 0x0000000100000000)
  region size 1024K, 207 young (211968K), 5 survivors (5120K)
 Metaspace       used 160098K, capacity 174324K, committed 174796K, reserved 1191936K
  class space    used 24422K, capacity 31295K, committed 31744K, reserved 1048576K
}
Event: 1244.615 GC heap after
{Heap after GC invocations=22 (full 3):
 garbage-first heap   total 524288K, used 56147K [0x0000000085600000, 0x0000000100000000)
  region size 1024K, 0 young (0K), 0 survivors (0K)
 Metaspace       used 159586K, capacity 173078K, committed 174796K, reserved 1191936K
  class space    used 24315K, capacity 30968K, committed 31744K, reserved 1048576K
}
Event: 1244.617 GC heap before
{Heap before GC invocations=22 (full 3):
 garbage-first heap   total 524288K, used 57171K [0x0000000085600000, 0x0000000100000000)
  region size 1024K, 2 young (2048K), 0 survivors (0K)
 Metaspace       used 159587K, capacity 173078K, committed 174796K, reserved 1191936K
  class space    used 24315K, capacity 30968K, committed 31744K, reserved 1048576K
}
Event: 1244.714 GC heap after
{Heap after GC invocations=23 (full 4):
 garbage-first heap   total 524288K, used 56132K [0x0000000085600000, 0x0000000100000000)
  region size 1024K, 0 young (0K), 0 survivors (0K)
 Metaspace       used 159587K, capacity 173078K, committed 174796K, reserved 1191936K
  class space    used 24315K, capacity 30968K, committed 31744K, reserved 1048576K
}
Event: 2072.451 GC heap before
{Heap before GC invocations=23 (full 4):
 garbage-first heap   total 524288K, used 287556K [0x0000000085600000, 0x0000000100000000)
  region size 1024K, 222 young (227328K), 0 survivors (0K)
 Metaspace       used 160520K, capacity 174401K, committed 175052K, reserved 1191936K
  class space    used 24371K, capacity 31118K, committed 31744K, reserved 1048576K
}

