# JRE version: OpenJDK Runtime Environment 18.9 (11.0.14.1+1) (build 11.0.14.1+1)
# Java VM: OpenJDK 64-Bit Server VM 18.9 (11.0.14.1+1, mixed mode, sharing, tiered, compressed oops, g1 gc, linux-amd64)
Heap:
 garbage-first heap   total 524288K, used 89187K [0x0000000085600000, 0x0000000100000000)
  region size 1024K, 36 young (36864K), 0 survivors (0K)
 Metaspace       used 147746K, capacity 159476K, committed 159612K, reserved 1179648K
  class space    used 23119K, capacity 29343K, committed 29440K, reserved 1048576K
GC Heap History (20 events):
Event: 29.181 GC heap before
{Heap before GC invocations=12 (full 0):
 garbage-first heap   total 526336K, used 435718K [0x0000000085600000, 0x0000000100000000)
  region size 1024K, 307 young (314368K), 8 survivors (8192K)
 Metaspace       used 87658K, capacity 95231K, committed 95280K, reserved 1126400K
  class space    used 13969K, capacity 18009K, committed 18048K, reserved 1048576K
}
Event: 29.241 GC heap after
{Heap after GC invocations=13 (full 0):
 garbage-first heap   total 526336K, used 41503K [0x0000000085600000, 0x0000000100000000)
  region size 1024K, 21 young (21504K), 21 survivors (21504K)
 Metaspace       used 87658K, capacity 95231K, committed 95280K, reserved 1126400K
  class space    used 13969K, capacity 18009K, committed 18048K, reserved 1048576K
}
Event: 228.307 GC heap before
{Heap before GC invocations=13 (full 0):
 garbage-first heap   total 526336K, used 338463K [0x0000000085600000, 0x0000000100000000)
  region size 1024K, 307 young (314368K), 21 survivors (21504K)
 Metaspace       used 109712K, capacity 119257K, committed 119600K, reserved 1146880K
  class space    used 17762K, capacity 22823K, committed 22912K, reserved 1048576K
}
Event: 228.425 GC heap after
{Heap after GC invocations=14 (full 0):
 garbage-first heap   total 526336K, used 58962K [0x0000000085600000, 0x0000000100000000)
  region size 1024K, 29 young (29696K), 29 survivors (29696K)
 Metaspace       used 109712K, capacity 119257K, committed 119600K, reserved 1146880K
  class space    used 17762K, capacity 22823K, committed 22912K, reserved 1048576K
}
Event: 229.029 GC heap before
{Heap before GC invocations=14 (full 0):
 garbage-first heap   total 526336K, used 95826K [0x0000000085600000, 0x0000000100000000)
  region size 1024K, 42 young (43008K), 29 survivors (29696K)
 Metaspace       used 110392K, capacity 120113K, committed 120188K, reserved 1146880K
  class space    used 17876K, capacity 23013K, committed 23040K, reserved 1048576K
}
Event: 229.116 GC heap after
{Heap after GC invocations=15 (full 0):
 garbage-first heap   total 526336K, used 55816K [0x0000000085600000, 0x0000000100000000)
  region size 1024K, 15 young (15360K), 15 survivors (15360K)
 Metaspace       used 110392K, capacity 120113K, committed 120188K, reserved 1146880K
  class space    used 17876K, capacity 23013K, committed 23040K, reserved 1048576K
}
Event: 229.944 GC heap before
{Heap before GC invocations=16 (full 0):
 garbage-first heap   total 526336K, used 60104K [0x0000000085600000, 0x0000000100000000)
  region size 1024K, 25 young (25600K), 15 survivors (15360K)
 Metaspace       used 112988K, capacity 122732K, committed 123516K, reserved 1148928K
  class space    used 18140K, capacity 23251K, committed 23552K, reserved 1048576K
}
Event: 229.993 GC heap after
{Heap after GC invocations=17 (full 0):
 garbage-first heap   total 526336K, used 53592K [0x0000000085600000, 0x0000000100000000)
  region size 1024K, 3 young (3072K), 3 survivors (3072K)
 Metaspace       used 112988K, capacity 122732K, committed 123516K, reserved 1148928K
  class space    used 18140K, capacity 23251K, committed 23552K, reserved 1048576K
}
Event: 232.062 GC heap before
{Heap before GC invocations=18 (full 0):
 garbage-first heap   total 526336K, used 94552K [0x0000000085600000, 0x0000000100000000)
  region size 1024K, 42 young (43008K), 3 survivors (3072K)
 Metaspace       used 117862K, capacity 126881K, committed 128636K, reserved 1155072K
  class space    used 18544K, capacity 23275K, committed 23808K, reserved 1048576K
}
Event: 232.075 GC heap after
{Heap after GC invocations=19 (full 0):
 garbage-first heap   total 526336K, used 55353K [0x0000000085600000, 0x0000000100000000)
  region size 1024K, 3 young (3072K), 3 survivors (3072K)
 Metaspace       used 117862K, capacity 126881K, committed 128636K, reserved 1155072K
  class space    used 18544K, capacity 23275K, committed 23808K, reserved 1048576K
}
Event: 236.791 GC heap before
{Heap before GC invocations=19 (full 0):
 garbage-first heap   total 526336K, used 132153K [0x0000000085600000, 0x0000000100000000)
  region size 1024K, 79 young (80896K), 3 survivors (3072K)
 Metaspace       used 131719K, capacity 141628K, committed 141692K, reserved 1165312K
  class space    used 20381K, capacity 25577K, committed 25600K, reserved 1048576K
}
Event: 236.823 GC heap after
{Heap after GC invocations=20 (full 0):
 garbage-first heap   total 526336K, used 63563K [0x0000000085600000, 0x0000000100000000)
  region size 1024K, 10 young (10240K), 10 survivors (10240K)
 Metaspace       used 131719K, capacity 141628K, committed 141692K, reserved 1165312K
  class space    used 20381K, capacity 25577K, committed 25600K, reserved 1048576K
}
Event: 241.966 GC heap before
{Heap before GC invocations=20 (full 0):
 garbage-first heap   total 526336K, used 131147K [0x0000000085600000, 0x0000000100000000)
  region size 1024K, 75 young (76800K), 10 survivors (10240K)
 Metaspace       used 140809K, capacity 151871K, committed 152060K, reserved 1173504K
  class space    used 22115K, capacity 28025K, committed 28032K, reserved 1048576K
}
Event: 242.023 GC heap after
{Heap after GC invocations=21 (full 0):
 garbage-first heap   total 526336K, used 74407K [0x0000000085600000, 0x0000000100000000)
  region size 1024K, 10 young (10240K), 10 survivors (10240K)
 Metaspace       used 140809K, capacity 151871K, committed 152060K, reserved 1173504K
  class space    used 22115K, capacity 28025K, committed 28032K, reserved 1048576K
}
Event: 871.581 GC heap before
{Heap before GC invocations=21 (full 0):
 garbage-first heap   total 526336K, used 125607K [0x0000000085600000, 0x0000000100000000)
  region size 1024K, 60 young (61440K), 10 survivors (10240K)
 Metaspace       used 147464K, capacity 159260K, committed 159356K, reserved 1179648K
  class space    used 23150K, capacity 29368K, committed 29440K, reserved 1048576K
}
Event: 872.011 GC heap after
{Heap after GC invocations=22 (full 0):
 garbage-first heap   total 526336K, used 78177K [0x0000000085600000, 0x0000000100000000)
  region size 1024K, 4 young (4096K), 4 survivors (4096K)
 Metaspace       used 147464K, capacity 159260K, committed 159356K, reserved 1179648K
  class space    used 23150K, capacity 29368K, committed 29440K, reserved 1048576K
}
Event: 955.297 GC heap before
{Heap before GC invocations=22 (full 0):
 garbage-first heap   total 526336K, used 79201K [0x0000000085600000, 0x0000000100000000)
  region size 1024K, 6 young (6144K), 4 survivors (4096K)
 Metaspace       used 147486K, capacity 159281K, committed 159356K, reserved 1179648K
  class space    used 23156K, capacity 29377K, committed 29440K, reserved 1048576K
}
Event: 956.538 GC heap after
{Heap after GC invocations=23 (full 1):
 garbage-first heap   total 524288K, used 51297K [0x0000000085600000, 0x0000000100000000)
  region size 1024K, 0 young (0K), 0 survivors (0K)
 Metaspace       used 147400K, capacity 159164K, committed 159356K, reserved 1179648K
  class space    used 23113K, capacity 29311K, committed 29440K, reserved 1048576K
}
Event: 956.567 GC heap before
{Heap before GC invocations=23 (full 1):
 garbage-first heap   total 524288K, used 51297K [0x0000000085600000, 0x0000000100000000)
  region size 1024K, 1 young (1024K), 0 survivors (0K)
 Metaspace       used 147405K, capacity 159164K, committed 159356K, reserved 1179648K
  class space    used 23114K, capacity 29311K, committed 29440K, reserved 1048576K
}
Event: 956.782 GC heap after
{Heap after GC invocations=24 (full 2):
 garbage-first heap   total 524288K, used 51299K [0x0000000085600000, 0x0000000100000000)
  region size 1024K, 0 young (0K), 0 survivors (0K)
 Metaspace       used 147405K, capacity 159164K, committed 159356K, reserved 1179648K
  class space    used 23114K, capacity 29311K, committed 29440K, reserved 1048576K
}

